Run artifacts dir: c:\Users\rasmu\OneDrive\Skrivebord\Dev\NN carTrack Java\models\runs\20260315_191340
Console log: c:\Users\rasmu\OneDrive\Skrivebord\Dev\NN carTrack Java\models\runs\20260315_191340\console.log

=== Episode 1 Statistics ===
Time: 0,97s
Cars completed: 0/14
Average Reward: -8600,46
Best Reward: -6643,76
Worst Reward: -11755,51
Epsilon: 1,0000
Max Q: 18,27
Loss: 57,905153
================================


=== Episode 2 Statistics ===
Time: 1,17s
Cars completed: 0/14
Average Reward: -8127,59
Best Reward: -5613,89
Worst Reward: -11210,98
Epsilon: 0,9920
Max Q: 58,55
Loss: 55,258194
================================


=== Episode 3 Statistics ===
Time: 1,17s
Cars completed: 0/14
Average Reward: -6580,14
Best Reward: -4499,08
Worst Reward: -9279,89
Epsilon: 0,9841
Max Q: 91,30
Loss: 28,140358
================================


=== Episode 4 Statistics ===
Time: 1,17s
Cars completed: 0/14
Average Reward: -6579,39
Best Reward: -5181,39
Worst Reward: -8132,12
Epsilon: 0,9762
Max Q: 97,47
Loss: 44,828619
================================


=== Episode 5 Statistics ===
Time: 1,16s
Cars completed: 0/14
Average Reward: -5577,60
Best Reward: -4328,10
Worst Reward: -7528,45
Epsilon: 0,9684
Max Q: 119,86
Loss: 58,919026
================================


=== Episode 6 Statistics ===
Time: 1,17s
Cars completed: 0/14
Average Reward: -4739,49
Best Reward: -3624,04
Worst Reward: -5683,10
Epsilon: 0,9606
Max Q: 149,44
Loss: 33,157151
================================


=== Episode 7 Statistics ===
Time: 1,17s
Cars completed: 0/14
Average Reward: -6545,99
Best Reward: -3779,64
Worst Reward: -19445,58
Epsilon: 0,9529
Max Q: 97,30
Loss: 19,662900
================================


=== Episode 8 Statistics ===
Time: 1,17s
Cars completed: 0/14
Average Reward: -4034,24
Best Reward: -2561,35
Worst Reward: -5327,51
Epsilon: 0,9453
Max Q: 174,78
Loss: 40,484025
================================


=== Episode 9 Statistics ===
Time: 1,18s
Cars completed: 0/14
Average Reward: -2851,51
Best Reward: -1368,31
Worst Reward: -5252,25
Epsilon: 0,9378
Max Q: 242,92
Loss: 41,601642
================================


=== Episode 10 Statistics ===
Time: 1,19s
Cars completed: 0/14
Average Reward: -2548,11
Best Reward: -1149,13
Worst Reward: -4155,98
Epsilon: 0,9303
Max Q: 248,35
Loss: 31,848859
================================


=== Episode 11 Statistics ===
Time: 1,20s
Cars completed: 0/14
Average Reward: -2198,70
Best Reward: -427,96
Worst Reward: -5227,07
Epsilon: 0,9228
Max Q: 261,76
Loss: 59,845074
================================


=== Episode 12 Statistics ===
Time: 1,20s
Cars completed: 0/14
Average Reward: -1984,31
Best Reward: -444,62
Worst Reward: -3965,44
Epsilon: 0,9154
Max Q: 293,24
Loss: 570,934685
================================


=== Episode 13 Statistics ===
Time: 1,18s
Cars completed: 0/14
Average Reward: -1617,49
Best Reward: -287,98
Worst Reward: -4947,23
Epsilon: 0,9081
Max Q: 350,74
Loss: 126,729724
================================


=== Episode 14 Statistics ===
Time: 1,17s
Cars completed: 0/14
Average Reward: -2749,90
Best Reward: -207,30
Worst Reward: -5621,57
Epsilon: 0,9008
Max Q: 309,65
Loss: 64,708003
================================


=== Episode 15 Statistics ===
Time: 1,18s
Cars completed: 0/14
Average Reward: -5356,75
Best Reward: -141,00
Worst Reward: -16766,90
Epsilon: 0,8936
Max Q: 354,05
Loss: 1448,329898
================================


=== Episode 16 Statistics ===
Time: 1,20s
Cars completed: 0/14
Average Reward: -3928,86
Best Reward: 9,95
Worst Reward: -9154,81
Epsilon: 0,8865
Max Q: 426,79
Loss: 1229,653515
================================


=== Episode 17 Statistics ===
Time: 1,20s
Cars completed: 0/14
Average Reward: -3451,35
Best Reward: 965,47
Worst Reward: -9969,40
Epsilon: 0,8794
Max Q: 456,12
Loss: 418,696728
================================


=== Episode 18 Statistics ===
Time: 1,17s
Cars completed: 2/14
Average Reward: -4493,53
Best Reward: 862,64
Worst Reward: -11305,97
Epsilon: 0,8724
Max Q: 479,87
Loss: 325113,526740
================================


=== Episode 19 Statistics ===
Time: 1,15s
Cars completed: 9/14
Average Reward: 820,82
Best Reward: 6979,91
Worst Reward: -6087,22
Epsilon: 0,8654
Max Q: 591,65
Loss: 1290,555967
================================


=== Episode 20 Statistics ===
Time: 1,14s
Cars completed: 11/14
Average Reward: 2524,98
Best Reward: 8410,37
Worst Reward: -4162,30
Epsilon: 0,8585
Max Q: 690,31
Loss: 832,431846
================================


=== Episode 21 Statistics ===
Time: 1,09s
Cars completed: 14/14
Average Reward: 3132,69
Best Reward: 8155,43
Worst Reward: -5071,35
Epsilon: 0,8516
Max Q: 831,03
Loss: 283201,621102
================================


=== Episode 22 Statistics ===
Time: 1,08s
Cars completed: 10/14
Average Reward: 1742,06
Best Reward: 8605,70
Worst Reward: -7506,84
Epsilon: 0,8448
Max Q: 929,58
Loss: 262033,393154
================================


=== Episode 23 Statistics ===
Time: 1,19s
Cars completed: 1/14
Average Reward: -4089,66
Best Reward: 881,87
Worst Reward: -8469,91
Epsilon: 0,8380
Max Q: 631,30
Loss: 1221,285560
================================


=== Episode 24 Statistics ===
Time: 0,98s
Cars completed: 14/14
Average Reward: 5225,29
Best Reward: 10487,75
Worst Reward: 1808,05
Epsilon: 0,8313
Max Q: 769,85
Loss: 283043,797638
================================


=== Episode 25 Statistics ===
Time: 1,06s
Cars completed: 11/14
Average Reward: 2532,39
Best Reward: 6373,25
Worst Reward: -4835,26
Epsilon: 0,8247
Max Q: 1082,53
Loss: 1249,468739
================================


=== Episode 26 Statistics ===
Time: 0,97s
Cars completed: 14/14
Average Reward: 5532,34
Best Reward: 9494,22
Worst Reward: 1928,85
Epsilon: 0,8181
Max Q: 1160,48
Loss: 232380,700017
================================


=== Episode 27 Statistics ===
Time: 0,97s
Cars completed: 14/14
Average Reward: 6266,53
Best Reward: 8719,35
Worst Reward: 2796,44
Epsilon: 0,8115
Max Q: 1301,88
Loss: 825,989648
================================


=== Episode 28 Statistics ===
Time: 0,92s
Cars completed: 14/14
Average Reward: 5873,13
Best Reward: 10352,87
Worst Reward: 2281,94
Epsilon: 0,8050
Max Q: 1342,12
Loss: 1116,881823
================================


=== Episode 29 Statistics ===
Time: 0,85s
Cars completed: 14/14
Average Reward: 6937,19
Best Reward: 10645,55
Worst Reward: 5033,42
Epsilon: 0,7986
Max Q: 1272,75
Loss: 1865,128452
================================


=== Episode 30 Statistics ===
Time: 0,84s
Cars completed: 14/14
Average Reward: 6428,67
Best Reward: 10232,25
Worst Reward: 1733,57
Epsilon: 0,7922
Max Q: 1407,54
Loss: 208184,045845
================================


=== Episode 31 Statistics ===
Time: 0,89s
Cars completed: 14/14
Average Reward: 6527,54
Best Reward: 10761,07
Worst Reward: 3254,19
Epsilon: 0,7859
Max Q: 1504,63
Loss: 828183,715229
================================


=== Episode 32 Statistics ===
Time: 1,00s
Cars completed: 9/14
Average Reward: 3078,66
Best Reward: 10314,43
Worst Reward: -10194,53
Epsilon: 0,7796
Max Q: 1499,04
Loss: 574,863540
================================


=== Episode 33 Statistics ===
Time: 1,06s
Cars completed: 8/14
Average Reward: 4157,59
Best Reward: 10873,95
Worst Reward: -2558,96
Epsilon: 0,7733
Max Q: 1319,35
Loss: 767,653886
================================


=== Episode 34 Statistics ===
Time: 0,96s
Cars completed: 14/14
Average Reward: 6764,27
Best Reward: 9640,35
Worst Reward: 4422,84
Epsilon: 0,7672
Max Q: 1466,49
Loss: 1070,804407
================================


=== Episode 35 Statistics ===
Time: 0,73s
Cars completed: 14/14
Average Reward: 7789,78
Best Reward: 9147,24
Worst Reward: 4354,38
Epsilon: 0,7610
Max Q: 1344,93
Loss: 211660,408280
================================


=== Episode 36 Statistics ===
Time: 0,77s
Cars completed: 14/14
Average Reward: 7628,02
Best Reward: 10742,65
Worst Reward: -5471,29
Epsilon: 0,7549
Max Q: 1497,79
Loss: 394105,889266
================================


=== Episode 37 Statistics ===
Time: 0,77s
Cars completed: 14/14
Average Reward: 10521,15
Best Reward: 12131,99
Worst Reward: 7366,04
Epsilon: 0,7489
Max Q: 1532,43
Loss: 1472,522390
================================


=== Episode 38 Statistics ===
Time: 0,61s
Cars completed: 14/14
Average Reward: 8352,07
Best Reward: 12542,92
Worst Reward: -1038,07
Epsilon: 0,7429
Max Q: 1571,19
Loss: 2122,570272
================================


=== Episode 39 Statistics ===
Time: 0,66s
Cars completed: 14/14
Average Reward: 9696,21
Best Reward: 11279,10
Worst Reward: 7449,11
Epsilon: 0,7370
Max Q: 1663,28
Loss: 527721,938804
================================


=== Episode 40 Statistics ===
Time: 0,58s
Cars completed: 14/14
Average Reward: 10210,54
Best Reward: 12451,73
Worst Reward: 7697,20
Epsilon: 0,7311
Max Q: 1692,69
Loss: 177579,948739
================================


=== Episode 41 Statistics ===
Time: 0,53s
Cars completed: 14/14
Average Reward: 9590,10
Best Reward: 11634,41
Worst Reward: 5772,27
Epsilon: 0,7252
Max Q: 1689,67
Loss: 891,971513
================================


=== Episode 42 Statistics ===
Time: 0,53s
Cars completed: 14/14
Average Reward: 8446,54
Best Reward: 10212,56
Worst Reward: 3156,50
Epsilon: 0,7194
Max Q: 1636,75
Loss: 201714,347837
================================


=== Episode 43 Statistics ===
Time: 0,53s
Cars completed: 14/14
Average Reward: 9438,00
Best Reward: 11459,15
Worst Reward: 1786,65
Epsilon: 0,7137
Max Q: 1825,65
Loss: 159902,256864
================================


=== Episode 44 Statistics ===
Time: 0,59s
Cars completed: 14/14
Average Reward: 8500,54
Best Reward: 11555,54
Worst Reward: -55,29
Epsilon: 0,7079
Max Q: 1900,26
Loss: 321662,339529
================================


=== Episode 45 Statistics ===
Time: 0,55s
Cars completed: 14/14
Average Reward: 7620,16
Best Reward: 11468,67
Worst Reward: -8424,34
Epsilon: 0,7023
Max Q: 1853,54
Loss: 316871,742967
================================


=== Episode 46 Statistics ===
Time: 0,73s
Cars completed: 14/14
Average Reward: 8170,86
Best Reward: 13252,79
Worst Reward: 2845,93
Epsilon: 0,6967
Max Q: 1854,56
Loss: 322681,428513
================================


=== Episode 47 Statistics ===
Time: 0,66s
Cars completed: 14/14
Average Reward: 7211,83
Best Reward: 12613,47
Worst Reward: -6903,52
Epsilon: 0,6911
Max Q: 1617,67
Loss: 2433,623268
================================


=== Episode 48 Statistics ===
Time: 0,57s
Cars completed: 14/14
Average Reward: 9755,30
Best Reward: 12419,76
Worst Reward: 5652,68
Epsilon: 0,6856
Max Q: 1641,79
Loss: 686,177840
================================


=== Episode 49 Statistics ===
Time: 0,45s
Cars completed: 14/14
Average Reward: 10900,24
Best Reward: 13215,36
Worst Reward: 9130,40
Epsilon: 0,6801
Max Q: 1604,32
Loss: 183225,713843
================================


=== Episode 50 Statistics ===
Time: 0,45s
Cars completed: 14/14
Average Reward: 11061,40
Best Reward: 12753,11
Worst Reward: 10052,70
Epsilon: 0,6746
Max Q: 1658,47
Loss: 368685,989885
================================


=== Episode 51 Statistics ===
Time: 0,40s
Cars completed: 14/14
Average Reward: 11815,87
Best Reward: 13467,38
Worst Reward: 10176,87
Epsilon: 0,6692
Max Q: 1727,44
Loss: 341800,414809
================================


=== Episode 52 Statistics ===
Time: 0,44s
Cars completed: 14/14
Average Reward: 11045,16
Best Reward: 12485,70
Worst Reward: 9209,20
Epsilon: 0,6639
Max Q: 1651,37
Loss: 1479,724111
================================


=== Episode 53 Statistics ===
Time: 0,42s
Cars completed: 14/14
Average Reward: 11486,02
Best Reward: 13255,47
Worst Reward: 9415,44
Epsilon: 0,6586
Max Q: 1704,01
Loss: 179908,572802
================================


=== Episode 54 Statistics ===
Time: 0,41s
Cars completed: 14/14
Average Reward: 12311,79
Best Reward: 13823,33
Worst Reward: 9406,31
Epsilon: 0,6533
Max Q: 1664,77
Loss: 188458,568041
================================


=== Episode 55 Statistics ===
Time: 0,42s
Cars completed: 14/14
Average Reward: 11929,08
Best Reward: 13440,92
Worst Reward: 10037,08
Epsilon: 0,6481
Max Q: 1735,98
Loss: 169856,633911
================================


=== Episode 56 Statistics ===
Time: 0,38s
Cars completed: 14/14
Average Reward: 11298,44
Best Reward: 13038,08
Worst Reward: 9111,56
Epsilon: 0,6429
Max Q: 1794,07
Loss: 324700,937566
================================


=== Episode 57 Statistics ===
Time: 0,37s
Cars completed: 14/14
Average Reward: 10383,34
Best Reward: 13327,33
Worst Reward: 1788,86
Epsilon: 0,6378
Max Q: 1707,91
Loss: 170936,190700
================================


=== Episode 58 Statistics ===
Time: 0,39s
Cars completed: 14/14
Average Reward: 12022,05
Best Reward: 13311,16
Worst Reward: 10147,19
Epsilon: 0,6327
Max Q: 1744,79
Loss: 340035,483118
================================


=== Episode 59 Statistics ===
Time: 0,35s
Cars completed: 14/14
Average Reward: 12164,93
Best Reward: 13490,77
Worst Reward: 10575,06
Epsilon: 0,6276
Max Q: 1783,72
Loss: 328537,197515
================================


=== Episode 60 Statistics ===
Time: 0,38s
Cars completed: 14/14
Average Reward: 11688,15
Best Reward: 13046,06
Worst Reward: 10642,32
Epsilon: 0,6226
Max Q: 1844,16
Loss: 157424,981903
================================


=== Episode 61 Statistics ===
Time: 0,38s
Cars completed: 14/14
Average Reward: 11872,17
Best Reward: 13020,06
Worst Reward: 7768,11
Epsilon: 0,6176
Max Q: 1883,78
Loss: 341615,827938
================================


=== Episode 62 Statistics ===
Time: 0,34s
Cars completed: 14/14
Average Reward: 11763,33
Best Reward: 13910,65
Worst Reward: 10284,09
Epsilon: 0,6126
Max Q: 1938,68
Loss: 607802,924128
================================


=== Episode 63 Statistics ===
Time: 0,31s
Cars completed: 14/14
Average Reward: 12719,87
Best Reward: 13971,47
Worst Reward: 9770,85
Epsilon: 0,6077
Max Q: 2033,96
Loss: 140099,721734
================================


=== Episode 64 Statistics ===
Time: 0,31s
Cars completed: 14/14
Average Reward: 11521,39
Best Reward: 13296,18
Worst Reward: 6932,89
Epsilon: 0,6029
Max Q: 2014,05
Loss: 741001,897398
================================


=== Episode 65 Statistics ===
Time: 0,32s
Cars completed: 14/14
Average Reward: 11645,42
Best Reward: 13249,20
Worst Reward: 5679,88
Epsilon: 0,5981
Max Q: 2091,61
Loss: 134464,362584
================================


=== Episode 66 Statistics ===
Time: 0,39s
Cars completed: 14/14
Average Reward: 10106,43
Best Reward: 13788,42
Worst Reward: 4447,46
Epsilon: 0,5933
Max Q: 1996,96
Loss: 320222,085143
================================


=== Episode 67 Statistics ===
Time: 0,29s
Cars completed: 14/14
Average Reward: 13231,46
Best Reward: 13941,06
Worst Reward: 11265,02
Epsilon: 0,5885
Max Q: 2022,84
Loss: 378720,571616
================================


=== Episode 68 Statistics ===
Time: 0,29s
Cars completed: 14/14
Average Reward: 12526,47
Best Reward: 14098,99
Worst Reward: 10286,06
Epsilon: 0,5838
Max Q: 2082,24
Loss: 420,658847
================================


=== Episode 69 Statistics ===
Time: 0,29s
Cars completed: 14/14
Average Reward: 12781,12
Best Reward: 13889,90
Worst Reward: 10454,12
Epsilon: 0,5792
Max Q: 2141,51
Loss: 132819,582651
================================


=== Episode 70 Statistics ===
Time: 0,28s
Cars completed: 14/14
Average Reward: 12186,38
Best Reward: 13651,50
Worst Reward: 10104,17
Epsilon: 0,5745
Max Q: 2180,05
Loss: 129777,818000
================================


=== Episode 71 Statistics ===
Time: 0,30s
Cars completed: 14/14
Average Reward: 12490,88
Best Reward: 13277,84
Worst Reward: 11558,22
Epsilon: 0,5699
Max Q: 2165,08
Loss: 276486,082789
================================


=== Episode 72 Statistics ===
Time: 0,28s
Cars completed: 14/14
Average Reward: 12526,99
Best Reward: 13921,45
Worst Reward: 10795,97
Epsilon: 0,5654
Max Q: 2177,32
Loss: 257135,364008
================================


=== Episode 73 Statistics ===
Time: 0,25s
Cars completed: 14/14
Average Reward: 12898,73
Best Reward: 14110,84
Worst Reward: 11096,29
Epsilon: 0,5608
Max Q: 2185,38
Loss: 130378,241759
================================


=== Episode 74 Statistics ===
Time: 0,26s
Cars completed: 14/14
Average Reward: 12449,12
Best Reward: 13838,83
Worst Reward: 11641,93
Epsilon: 0,5564
Max Q: 2320,97
Loss: 120656,651246
================================


=== Episode 75 Statistics ===
Time: 0,28s
Cars completed: 14/14
Average Reward: 8061,77
Best Reward: 13716,67
Worst Reward: -5500,28
Epsilon: 0,5519
Max Q: 2337,51
Loss: 2699,458733
================================


=== Episode 76 Statistics ===
Time: 0,31s
Cars completed: 14/14
Average Reward: 12165,58
Best Reward: 13615,35
Worst Reward: 11071,24
Epsilon: 0,5475
Max Q: 2363,34
Loss: 335269,441739
================================


=== Episode 77 Statistics ===
Time: 0,30s
Cars completed: 14/14
Average Reward: 10184,14
Best Reward: 14134,04
Worst Reward: -13994,10
Epsilon: 0,5431
Max Q: 2314,93
Loss: 410207,430188
================================


=== Episode 78 Statistics ===
Time: 0,28s
Cars completed: 14/14
Average Reward: 4895,90
Best Reward: 13535,25
Worst Reward: -8316,00
Epsilon: 0,5388
Max Q: 2228,61
Loss: 264842,970528
================================


=== Episode 79 Statistics ===
Time: 0,28s
Cars completed: 14/14
Average Reward: 13247,53
Best Reward: 14367,32
Worst Reward: 11718,57
Epsilon: 0,5345
Max Q: 2350,63
Loss: 262275,869710
================================


=== Episode 80 Statistics ===
Time: 0,28s
Cars completed: 14/14
Average Reward: 12478,64
Best Reward: 13949,30
Worst Reward: 10384,41
Epsilon: 0,5302
Max Q: 2168,03
Loss: 258730,106580
================================


=== Episode 81 Statistics ===
Time: 0,24s
Cars completed: 14/14
Average Reward: 13279,56
Best Reward: 14340,49
Worst Reward: 11462,44
Epsilon: 0,5259
Max Q: 2204,57
Loss: 253319,846339
================================


=== Episode 82 Statistics ===
Time: 0,24s
Cars completed: 14/14
Average Reward: 12729,81
Best Reward: 13810,51
Worst Reward: 8773,67
Epsilon: 0,5217
Max Q: 2249,30
Loss: 126860,004245
================================


=== Episode 83 Statistics ===
Time: 0,31s
Cars completed: 14/14
Average Reward: 9031,37
Best Reward: 14325,50
Worst Reward: -30522,52
Epsilon: 0,5176
Max Q: 2310,83
Loss: 232812,155557
================================


=== Episode 84 Statistics ===
Time: 0,40s
Cars completed: 14/14
Average Reward: 10327,80
Best Reward: 13051,01
Worst Reward: 7332,23
Epsilon: 0,5134
Max Q: 2335,23
Loss: 11295,397784
================================


=== Episode 85 Statistics ===
Time: 0,21s
Cars completed: 14/14
Average Reward: 12977,64
Best Reward: 14083,80
Worst Reward: 11638,29
Epsilon: 0,5093
Max Q: 2370,25
Loss: 118630,548787
================================


=== Episode 86 Statistics ===
Time: 0,21s
Cars completed: 14/14
Average Reward: 8936,04
Best Reward: 14168,76
Worst Reward: -3616,99
Epsilon: 0,5052
Max Q: 2382,54
Loss: 126627,598731
================================


=== Episode 87 Statistics ===
Time: 0,19s
Cars completed: 14/14
Average Reward: 12966,55
Best Reward: 13754,94
Worst Reward: 11230,16
Epsilon: 0,5012
Max Q: 2409,51
Loss: 219419,793910
================================


=== Episode 88 Statistics ===
Time: 0,20s
Cars completed: 14/14
Average Reward: 13286,35
Best Reward: 14028,17
Worst Reward: 11309,28
Epsilon: 0,4972
Max Q: 2259,47
Loss: 121151,634631
================================


=== Episode 89 Statistics ===
Time: 0,18s
Cars completed: 14/14
Average Reward: 13395,31
Best Reward: 14039,06
Worst Reward: 11972,12
Epsilon: 0,4932
Max Q: 2305,92
Loss: 354390,138441
================================


=== Episode 90 Statistics ===
Time: 0,20s
Cars completed: 14/14
Average Reward: 12986,50
Best Reward: 13624,47
Worst Reward: 11926,48
Epsilon: 0,4893
Max Q: 2410,13
Loss: 329808,417704
================================


=== Episode 91 Statistics ===
Time: 0,18s
Cars completed: 14/14
Average Reward: 13309,61
Best Reward: 14072,72
Worst Reward: 12259,34
Epsilon: 0,4853
Max Q: 2449,44
Loss: 212552,678100
================================


=== Episode 92 Statistics ===
Time: 0,18s
Cars completed: 14/14
Average Reward: 13405,02
Best Reward: 14163,72
Worst Reward: 12574,64
Epsilon: 0,4815
Max Q: 2509,29
Loss: 104489,007317
================================


=== Episode 93 Statistics ===
Time: 0,20s
Cars completed: 14/14
Average Reward: 11908,67
Best Reward: 14410,85
Worst Reward: 8000,09
Epsilon: 0,4776
Max Q: 2554,01
Loss: 101957,975789
================================


=== Episode 94 Statistics ===
Time: 0,16s
Cars completed: 14/14
Average Reward: 11201,37
Best Reward: 14023,41
Worst Reward: 2911,32
Epsilon: 0,4738
Max Q: 2595,64
Loss: 96610,528536
================================


=== Episode 95 Statistics ===
Time: 0,18s
Cars completed: 14/14
Average Reward: 13198,54
Best Reward: 14166,33
Worst Reward: 12127,25
Epsilon: 0,4700
Max Q: 2637,32
Loss: 1418,279240
================================


=== Episode 96 Statistics ===
Time: 0,17s
Cars completed: 14/14
Average Reward: 13310,83
Best Reward: 14075,08
Worst Reward: 12097,59
Epsilon: 0,4662
Max Q: 2710,65
Loss: 3919,878012
================================


=== Episode 97 Statistics ===
Time: 0,16s
Cars completed: 14/14
Average Reward: 13298,23
Best Reward: 14534,98
Worst Reward: 12231,18
Epsilon: 0,4625
Max Q: 2759,54
Loss: 109342,855839
================================


=== Episode 98 Statistics ===
Time: 0,18s
Cars completed: 14/14
Average Reward: 4111,29
Best Reward: 14396,76
Worst Reward: -43149,65
Epsilon: 0,4588
Max Q: 2528,80
Loss: 7341,997627
================================


=== Episode 99 Statistics ===
Time: 0,15s
Cars completed: 14/14
Average Reward: 13451,50
Best Reward: 14378,28
Worst Reward: 11383,02
Epsilon: 0,4551
Max Q: 2842,54
Loss: 98090,130104
================================


=== Episode 100 Statistics ===
Time: 0,16s
Cars completed: 14/14
Average Reward: 12730,73
Best Reward: 14184,05
Worst Reward: 8231,94
Epsilon: 0,4515
Max Q: 2606,82
Loss: 3211,311191
================================


=== Episode 101 Statistics ===
Time: 0,16s
Cars completed: 14/14
Average Reward: 13544,81
Best Reward: 14205,49
Worst Reward: 12561,48
Epsilon: 0,4479
Max Q: 2653,75
Loss: 97101,261738
================================


=== Episode 102 Statistics ===
Time: 0,15s
Cars completed: 14/14
Average Reward: 13363,22
Best Reward: 14551,59
Worst Reward: 12370,17
Epsilon: 0,4443
Max Q: 2688,41
Loss: 186479,530159
================================


=== Episode 103 Statistics ===
Time: 0,15s
Cars completed: 14/14
Average Reward: 13459,89
Best Reward: 14175,21
Worst Reward: 12337,98
Epsilon: 0,4407
Max Q: 3022,82
Loss: 165712,219385
================================


=== Episode 104 Statistics ===
Time: 0,14s
Cars completed: 14/14
Average Reward: 12770,57
Best Reward: 14407,90
Worst Reward: 8929,71
Epsilon: 0,4372
Max Q: 3078,51
Loss: 166543,234968
================================


=== Episode 105 Statistics ===
Time: 0,17s
Cars completed: 14/14
Average Reward: 5636,93
Best Reward: 13162,21
Worst Reward: -12721,28
Epsilon: 0,4337
Max Q: 3010,73
Loss: 197229,565042
================================


=== Episode 106 Statistics ===
Time: 0,15s
Cars completed: 14/14
Average Reward: 13494,16
Best Reward: 14446,65
Worst Reward: 12393,46
Epsilon: 0,4303
Max Q: 3274,16
Loss: 141402,043458
================================


=== Episode 107 Statistics ===
Time: 0,15s
Cars completed: 14/14
Average Reward: 13502,97
Best Reward: 14505,37
Worst Reward: 12315,44
Epsilon: 0,4268
Max Q: 3262,94
Loss: 5446,344624
================================


=== Episode 108 Statistics ===
Time: 0,11s
Cars completed: 14/14
Average Reward: 13598,93
Best Reward: 14570,42
Worst Reward: 12478,17
Epsilon: 0,4234
Max Q: 2984,83
Loss: 70723,045971
================================


=== Episode 109 Statistics ===
Time: 0,14s
Cars completed: 14/14
Average Reward: 13842,69
Best Reward: 14435,45
Worst Reward: 12828,77
Epsilon: 0,4200
Max Q: 2954,47
Loss: 148507,790369
================================


=== Episode 110 Statistics ===
Time: 0,13s
Cars completed: 14/14
Average Reward: 13096,61
Best Reward: 13896,16
Worst Reward: 11992,89
Epsilon: 0,4167
Max Q: 3231,84
Loss: 207545,464978
================================


=== Episode 111 Statistics ===
Time: 0,13s
Cars completed: 14/14
Average Reward: 2484,23
Best Reward: 14211,63
Worst Reward: -9543,35
Epsilon: 0,4133
Max Q: 2702,09
Loss: 179016,785697
================================


=== Episode 112 Statistics ===
Time: 0,12s
Cars completed: 14/14
Average Reward: 13729,38
Best Reward: 14511,08
Worst Reward: 12755,37
Epsilon: 0,4100
Max Q: 2987,52
Loss: 88121,934031
================================


=== Episode 113 Statistics ===
Time: 0,12s
Cars completed: 14/14
Average Reward: 13684,43
Best Reward: 14381,98
Worst Reward: 12506,94
Epsilon: 0,4067
Max Q: 2774,34
Loss: 87554,360380
================================


=== Episode 114 Statistics ===
Time: 0,13s
Cars completed: 14/14
Average Reward: 13547,81
Best Reward: 14462,40
Worst Reward: 11886,40
Epsilon: 0,4035
Max Q: 2804,21
Loss: 163431,285082
================================


=== Episode 115 Statistics ===
Time: 0,12s
Cars completed: 14/14
Average Reward: 13703,86
Best Reward: 14296,88
Worst Reward: 12577,31
Epsilon: 0,4002
Max Q: 2846,08
Loss: 4665,503767
================================


=== Episode 116 Statistics ===
Time: 0,14s
Cars completed: 14/14
Average Reward: 13636,48
Best Reward: 14370,86
Worst Reward: 12615,25
Epsilon: 0,3970
Max Q: 2870,18
Loss: 156676,115179
================================


=== Episode 117 Statistics ===
Time: 0,11s
Cars completed: 14/14
Average Reward: 14035,30
Best Reward: 14769,51
Worst Reward: 13171,76
Epsilon: 0,3939
Max Q: 3163,51
Loss: 70051,056353
================================


=== Episode 118 Statistics ===
Time: 0,11s
Cars completed: 14/14
Average Reward: 13348,20
Best Reward: 14254,43
Worst Reward: 11619,41
Epsilon: 0,3907
Max Q: 3242,37
Loss: 67129,398110
================================


=== Episode 119 Statistics ===
Time: 0,12s
Cars completed: 14/14
Average Reward: 13541,70
Best Reward: 14673,01
Worst Reward: 11283,22
Epsilon: 0,3876
Max Q: 3325,33
Loss: 188123,441578
================================


=== Episode 120 Statistics ===
Time: 0,13s
Cars completed: 14/14
Average Reward: 12655,49
Best Reward: 14362,32
Worst Reward: 3049,37
Epsilon: 0,3845
Max Q: 3386,20
Loss: 122536,738270
================================


=== Episode 121 Statistics ===
Time: 0,11s
Cars completed: 14/14
Average Reward: 14056,53
Best Reward: 14631,55
Worst Reward: 12958,04
Epsilon: 0,3814
Max Q: 3192,91
Loss: 53224,448007
================================


=== Episode 122 Statistics ===
Time: 0,11s
Cars completed: 14/14
Average Reward: 13510,83
Best Reward: 14640,75
Worst Reward: 12740,21
Epsilon: 0,3784
Max Q: 3492,96
Loss: 4240,776483
================================


=== Episode 123 Statistics ===
Time: 0,10s
Cars completed: 14/14
Average Reward: 13861,25
Best Reward: 14652,91
Worst Reward: 12840,15
Epsilon: 0,3753
Max Q: 3539,70
Loss: 52583,482690
================================


=== Episode 124 Statistics ===
Time: 0,11s
Cars completed: 14/14
Average Reward: 4676,55
Best Reward: 12387,12
Worst Reward: -4082,48
Epsilon: 0,3723
Max Q: 3115,39
Loss: 208583,368981
================================


=== Episode 125 Statistics ===
Time: 0,42s
Cars completed: 14/14
Average Reward: -29685,33
Best Reward: 13700,66
Worst Reward: -102517,49
Epsilon: 0,3694
Max Q: 2875,14
Loss: 10207,930197
================================


=== Episode 126 Statistics ===
Time: 0,10s
Cars completed: 14/14
Average Reward: 13999,98
Best Reward: 14644,71
Worst Reward: 13396,39
Epsilon: 0,3664
Max Q: 2641,19
Loss: 188745,026898
================================


=== Episode 127 Statistics ===
Time: 0,09s
Cars completed: 14/14
Average Reward: 13965,09
Best Reward: 14467,92
Worst Reward: 13180,08
Epsilon: 0,3635
Max Q: 2640,71
Loss: 6842,745175
================================


=== Episode 128 Statistics ===
Time: 0,10s
Cars completed: 14/14
Average Reward: 14097,39
Best Reward: 14562,94
Worst Reward: 13446,13
Epsilon: 0,3606
Max Q: 2651,10
Loss: 14294,776578
================================


=== Episode 129 Statistics ===
Time: 0,10s
Cars completed: 14/14
Average Reward: 13920,02
Best Reward: 14515,83
Worst Reward: 13067,97
Epsilon: 0,3577
Max Q: 2689,38
Loss: 180970,062137
================================


=== Episode 130 Statistics ===
Time: 0,12s
Cars completed: 14/14
Average Reward: 13624,95
Best Reward: 14601,51
Worst Reward: 13045,57
Epsilon: 0,3548
Max Q: 2744,48
Loss: 204385,054984
================================


=== Episode 131 Statistics ===
Time: 0,10s
Cars completed: 14/14
Average Reward: 13495,05
Best Reward: 14564,53
Worst Reward: 11787,48
Epsilon: 0,3520
Max Q: 3217,21
Loss: 4557,425091
================================


=== Episode 132 Statistics ===
Time: 0,09s
Cars completed: 14/14
Average Reward: 13994,71
Best Reward: 14599,52
Worst Reward: 12134,70
Epsilon: 0,3492
Max Q: 2874,54
Loss: 78574,160256
================================


=== Episode 133 Statistics ===
Time: 0,09s
Cars completed: 14/14
Average Reward: 8748,97
Best Reward: 14221,27
Worst Reward: 470,00
Epsilon: 0,3464
Max Q: 2944,34
Loss: 157144,657875
================================


=== Episode 134 Statistics ===
Time: 0,10s
Cars completed: 14/14
Average Reward: 13969,29
Best Reward: 14419,67
Worst Reward: 13105,15
Epsilon: 0,3436
Max Q: 2713,65
Loss: 8886,883120
================================


=== Episode 135 Statistics ===
Time: 0,09s
Cars completed: 14/14
Average Reward: 13725,42
Best Reward: 14770,57
Worst Reward: 12336,18
Epsilon: 0,3409
Max Q: 2835,70
Loss: 6181,320939
================================


=== Episode 136 Statistics ===
Time: 0,09s
Cars completed: 14/14
Average Reward: 13583,95
Best Reward: 14466,35
Worst Reward: 12760,43
Epsilon: 0,3381
Max Q: 2928,15
Loss: 79017,589295
================================


=== Episode 137 Statistics ===
Time: 0,10s
Cars completed: 14/14
Average Reward: 4472,99
Best Reward: 14455,97
Worst Reward: -8785,21
Epsilon: 0,3354
Max Q: 3811,91
Loss: 85004,695808
================================


=== Episode 138 Statistics ===
Time: 0,10s
Cars completed: 14/14
Average Reward: 11825,40
Best Reward: 14608,77
Worst Reward: -4903,91
Epsilon: 0,3327
Max Q: 2687,47
Loss: 18867,090460
================================


=== Episode 139 Statistics ===
Time: 0,12s
Cars completed: 14/14
Average Reward: -404,33
Best Reward: 13988,67
Worst Reward: -17646,88
Epsilon: 0,3301
Max Q: 2754,96
Loss: 99623,545711
================================


=== Episode 140 Statistics ===
Time: 0,14s
Cars completed: 14/14
Average Reward: -3574,22
Best Reward: 13199,61
Worst Reward: -25167,70
Epsilon: 0,3274
Max Q: 2768,81
Loss: 193908,823409
================================


=== Episode 141 Statistics ===
Time: 0,09s
Cars completed: 14/14
Average Reward: 13798,52
Best Reward: 14525,54
Worst Reward: 13112,98
Epsilon: 0,3248
Max Q: 3346,86
Loss: 8534,438989
================================


=== Episode 142 Statistics ===
Time: 0,09s
Cars completed: 14/14
Average Reward: 13513,25
Best Reward: 14506,34
Worst Reward: 11919,68
Epsilon: 0,3222
Max Q: 2775,62
Loss: 245633,012424
================================


=== Episode 143 Statistics ===
Time: 0,14s
Cars completed: 14/14
Average Reward: 11696,38
Best Reward: 13679,76
Worst Reward: 7023,21
Epsilon: 0,3196
Max Q: 3411,60
Loss: 337272,496200
================================


=== Episode 144 Statistics ===
Time: 0,48s
Cars completed: 14/14
Average Reward: -45155,88
Best Reward: 12025,78
Worst Reward: -69247,68
Epsilon: 0,3171
Max Q: 1716,77
Loss: 530748,647434
================================


=== Episode 145 Statistics ===
Time: 0,99s
Cars completed: 3/14
Average Reward: -137976,48
Best Reward: 14319,38
Worst Reward: -274914,81
Epsilon: 0,3145
Max Q: 975,32
Loss: 43694,875528
================================


=== Episode 146 Statistics ===
Time: 0,99s
Cars completed: 8/14
Average Reward: -154911,79
Best Reward: -29036,59
Worst Reward: -293658,33
Epsilon: 0,3120
Max Q: 1305,77
Loss: 28423,553306
================================


=== Episode 147 Statistics ===
Time: 0,43s
Cars completed: 14/14
Average Reward: -43128,09
Best Reward: 2794,63
Worst Reward: -176542,78
Epsilon: 0,3095
Max Q: 1026,55
Loss: 33183,245027
================================


=== Episode 148 Statistics ===
Time: 0,70s
Cars completed: 14/14
Average Reward: -62172,71
Best Reward: -16513,56
Worst Reward: -103057,23
Epsilon: 0,3071
Max Q: 932,59
Loss: 6130,981142
================================


=== Episode 149 Statistics ===
Time: 0,08s
Cars completed: 14/14
Average Reward: 13802,12
Best Reward: 14529,23
Worst Reward: 12032,38
Epsilon: 0,3046
Max Q: 325,98
Loss: 354651,096318
================================


=== Episode 150 Statistics ===
Time: 0,08s
Cars completed: 14/14
Average Reward: 14131,83
Best Reward: 14604,12
Worst Reward: 13434,62
Epsilon: 0,3022
Max Q: 989,96
Loss: 1048585,375668
================================

Final model file: models\runs\20260315_191340\best-model-20260315_191340-ep150-t71s.nn
Stop requested. Finalizing current run...
